<?xml version="1.0" encoding="UTF-8"?>
<!-- Generated by org.testng.reporters.JUnitReportReporter -->
<testsuite hostname="Ramakrishnas-MacBook-Air.local" failures="0" tests="1" name="driverFactory.AppTest" time="33.646" errors="0" timestamp="2022-10-19T20:55:43 IST" skipped="0">
  <testcase classname="driverFactory.AppTest" name="startTest" time="33.646"/>
  <system-out>
    <![CDATA[Login successadminflow    http://primusbank.qedgetech.com/adminflow.aspx
logout success
Login successadminflow    http://primusbank.qedgetech.com/adminflow.aspx
New Branch with id 140 created Sucessfully
logout success]]>
  </system-out>
</testsuite> <!-- driverFactory.AppTest -->
