<?xml version="1.0" encoding="UTF-8"?>
<!-- Generated by org.testng.reporters.JUnitReportReporter -->
<testsuite hostname="Ramakrishnas-MacBook-Air.local" failures="0" tests="1" name="NavyaMaven.Maven_Hybrid.AppTest" time="0.002" errors="0" timestamp="2022-10-19T20:55:43 IST" skipped="0">
  <testcase classname="NavyaMaven.Maven_Hybrid.AppTest" name="shouldAnswerWithTrue" time="0.002"/>
  <system-out/>
</testsuite> <!-- NavyaMaven.Maven_Hybrid.AppTest -->
